Travel/app/Previous/Travel/app/build/intermediates/manifest_merge_blame_file/debug/manifest-merger-blame-debug-report.txt
1<?xml version="1.0" encoding="utf-8"?>
2<manifest xmlns:android="http://schemas.android.com/apk/res/android"
3    package="com.sample.travel"
4    android:versionCode="1"
5    android:versionName="1.0" >
6
7    <uses-sdk
8        android:minSdkVersion="24"
8-->src\main\AndroidManifest.xml
9        android:targetSdkVersion="29" />
9-->src\main\AndroidManifest.xml
10    <!-- 상대적으로 위치 정보를 얻어오기 위한 권한 설정(지하에 있어도 위치 얻어올 수 있음) -->
11    <uses-permission android:name="android.permission.ACCESS_COARSE_LOCATION" /> <!-- GPS를 이용해서 정확한 위치정보를 얻어오기 위한 권한 설정(전력소모 많음, 지하에 있으면 정확한 위치 측정 불가) -->
11-->src\main\AndroidManifest.xml:5:5-81
11-->src\main\AndroidManifest.xml:5:22-78
12    <uses-permission android:name="android.permission.ACCESS_FINE_LOCATION" /> <!-- 위도,경도를 주소로 변환하기 위해(지오코딩) 구글 서버에 접근하기 위한 인터넷 권한 설정 -->
12-->src\main\AndroidManifest.xml:6:5-79
12-->src\main\AndroidManifest.xml:6:22-76
13    <uses-permission android:name="android.permission.INTERNET" />
13-->src\main\AndroidManifest.xml:7:5-67
13-->src\main\AndroidManifest.xml:7:22-64
14
15    <application
15-->src\main\AndroidManifest.xml:9:5-41:19
16        android:allowBackup="true"
16-->src\main\AndroidManifest.xml:10:9-35
17        android:appComponentFactory="androidx.core.app.CoreComponentFactory"
17-->[androidx.core:core:1.1.0] AndroidManifest.xml:24:18-86
18        android:debuggable="true"
19        android:extractNativeLibs="false"
20        android:icon="@mipmap/ic_launcher"
20-->src\main\AndroidManifest.xml:11:9-43
21        android:label="Travel"
21-->src\main\AndroidManifest.xml:12:9-31
22        android:networkSecurityConfig="@xml/network_security_config"
22-->src\main\AndroidManifest.xml:13:9-69
23        android:roundIcon="@mipmap/ic_launcher_round"
23-->src\main\AndroidManifest.xml:14:9-54
24        android:supportsRtl="true"
24-->src\main\AndroidManifest.xml:15:9-35
25        android:testOnly="true"
26        android:theme="@style/AppTheme" >
26-->src\main\AndroidManifest.xml:16:9-40
27        <activity android:name="com.sample.travel.ManagerAddGroupActivity" >
27-->src\main\AndroidManifest.xml:17:9-19:20
27-->src\main\AndroidManifest.xml:17:19-58
28        </activity>
29        <activity android:name="com.sample.travel.PackageManagerActivity" >
29-->src\main\AndroidManifest.xml:20:9-22:20
29-->src\main\AndroidManifest.xml:20:19-57
30        </activity>
31        <activity android:name="com.sample.travel.FindPwdActivity" />
31-->src\main\AndroidManifest.xml:23:9-53
31-->src\main\AndroidManifest.xml:23:19-50
32        <activity android:name="com.sample.travel.FindIdActivity" />
32-->src\main\AndroidManifest.xml:24:9-52
32-->src\main\AndroidManifest.xml:24:19-49
33        <activity android:name="com.sample.travel.HomeActivity" >
33-->src\main\AndroidManifest.xml:25:9-27:20
33-->src\main\AndroidManifest.xml:25:19-47
34        </activity>
35        <activity android:name="com.sample.travel.SignupActivity" />
35-->src\main\AndroidManifest.xml:28:9-61
35-->src\main\AndroidManifest.xml:28:19-49
36        <activity android:name="com.sample.travel.LogoActivity" >
36-->src\main\AndroidManifest.xml:29:9-35:20
36-->src\main\AndroidManifest.xml:29:19-47
37            <intent-filter>
37-->src\main\AndroidManifest.xml:30:13-34:29
38                <action android:name="android.intent.action.MAIN" />
38-->src\main\AndroidManifest.xml:31:17-69
38-->src\main\AndroidManifest.xml:31:25-66
39
40                <category android:name="android.intent.category.LAUNCHER" />
40-->src\main\AndroidManifest.xml:33:17-77
40-->src\main\AndroidManifest.xml:33:27-74
41            </intent-filter>
42        </activity>
43        <activity android:name="com.sample.travel.LoginActivity" >
43-->src\main\AndroidManifest.xml:36:9-38:20
43-->src\main\AndroidManifest.xml:36:19-48
44        </activity>
45        <activity android:name="com.sample.travel.MainActivity" />
45-->src\main\AndroidManifest.xml:39:9-50
45-->src\main\AndroidManifest.xml:39:19-47
46        <activity android:name="com.sample.travel.GpsSettingActivity" />
46-->src\main\AndroidManifest.xml:40:9-56
46-->src\main\AndroidManifest.xml:40:19-53
47        <activity
47-->[com.google.android.gms:play-services-base:17.0.0] AndroidManifest.xml:23:9-26:75
48            android:name="com.google.android.gms.common.api.GoogleApiActivity"
48-->[com.google.android.gms:play-services-base:17.0.0] AndroidManifest.xml:24:13-79
49            android:exported="false"
49-->[com.google.android.gms:play-services-base:17.0.0] AndroidManifest.xml:25:13-37
50            android:theme="@android:style/Theme.Translucent.NoTitleBar" />
50-->[com.google.android.gms:play-services-base:17.0.0] AndroidManifest.xml:26:13-72
51
52        <meta-data
52-->[com.google.android.gms:play-services-basement:17.0.0] AndroidManifest.xml:23:9-25:69
53            android:name="com.google.android.gms.version"
53-->[com.google.android.gms:play-services-basement:17.0.0] AndroidManifest.xml:24:13-58
54            android:value="@integer/google_play_services_version" />
54-->[com.google.android.gms:play-services-basement:17.0.0] AndroidManifest.xml:25:13-66
55    </application>
56
57</manifest>